<?xml version="1.0" encoding="UTF-8"?>
<!-- Generated by org.testng.reporters.JUnitXMLReporter -->
<testsuite ignored="3" hostname="DESKTOP-FJ3LEFB" failures="0" tests="9" name="Registration and Account actions Tests" time="4.363" errors="0" timestamp="2025-04-15T00:49:46 BST">
  <testcase classname="com.automate.testcases.ui.RegistrationPageTests" name="clickRegistrationLink" time="0.502"/>
  <testcase classname="com.automate.testcases.ui.RegistrationPageTests" name="testFillInForm" time="0.914"/>
  <testcase classname="com.automate.testcases.ui.RegistrationPageTests" name="fillNotMatchingPasswordsAndRegister" time="0.641"/>
  <testcase classname="com.automate.testcases.ui.RegistrationPageTests" name="fillMatchingPasswordsAndRegister" time="0.579"/>
  <testcase classname="com.automate.testcases.ui.AccountPageTests" name="clickAccountManagerLink" time="1.346"/>
  <testcase classname="com.automate.testcases.ui.AccountPageTests" name="getFirstAccountId" time="0.032"/>
  <testcase classname="com.automate.testcases.ui.AccountPageTests" name="testInitialAvailableAmountValue" time="0.025"/>
  <testcase classname="com.automate.testcases.ui.AccountPageTests" name="testInitialRowBalanceValue" time="0.025"/>
  <testcase classname="com.automate.testcases.ui.AccountPageTests" name="verifyAccountManagerTableHeaders" time="0.047"/>
  <testcase classname="com.automate.base.BaseClass" name="@AfterSuite closeBrowser" time="0.0">
    <ignored/>
  </testcase> <!-- @AfterSuite closeBrowser -->
  <testcase classname="com.automate.base.BaseClass" name="@BeforeSuite openBrowser" time="0.0">
    <ignored/>
  </testcase> <!-- @BeforeSuite openBrowser -->
  <testcase classname="com.automate.testcases.ui.AccountPageTests" name="verifyTableRowsAfterFirstPayBillRequest" time="0.0">
    <ignored/>
  </testcase> <!-- verifyTableRowsAfterFirstPayBillRequest -->
</testsuite> <!-- Registration and Account actions Tests -->
