<?xml version="1.0" encoding="UTF-8"?>
<!-- Generated by org.testng.reporters.JUnitXMLReporter -->
<testsuite ignored="0" hostname="DESKTOP-FJ3LEFB" failures="0" tests="4" name="Default test" time="2.598" errors="0" timestamp="2025-04-15T00:24:41 BST">
  <testcase classname="com.automate.testcases.ui.RegistrationPageTests" name="clickRegistrationLink" time="0.433"/>
  <testcase classname="com.automate.testcases.ui.RegistrationPageTests" name="testFillInForm" time="0.8"/>
  <testcase classname="com.automate.testcases.ui.RegistrationPageTests" name="fillNotMatchingPasswordsAndRegister" time="0.606"/>
  <testcase classname="com.automate.testcases.ui.RegistrationPageTests" name="fillMatchingPasswordsAndRegister" time="0.554"/>
</testsuite> <!-- Default test -->
